<?xml version="1.0" encoding="UTF-8"?>
<!-- Generated by org.testng.reporters.JUnitReportReporter -->
<testsuite skipped="0" hostname="LAPTOP-PV104NIV" name="com.qa.hubspot.tests.HomePageTest" tests="2" failures="0" timestamp="23 Apr 2020 22:27:38 GMT" time="0.663" errors="0">
  <testcase name="verifyHomePageTitleTest" time="0.020" classname="com.qa.hubspot.tests.HomePageTest"/>
  <testcase name="getHomePageHeadertest" time="0.643" classname="com.qa.hubspot.tests.HomePageTest"/>
</testsuite> <!-- com.qa.hubspot.tests.HomePageTest -->
