<?xml version="1.0" encoding="UTF-8"?>
<!-- Generated by org.testng.reporters.JUnitReportReporter -->
<testsuite skipped="0" hostname="LAPTOP-PV104NIV" name="com.qa.hubspot.tests.ContactsPageTest" tests="5" failures="0" timestamp="23 Apr 2020 16:24:17 GMT" time="160.004" errors="0">
  <testcase name="verifyContactsPageTitle" time="26.613" classname="com.qa.hubspot.tests.ContactsPageTest"/>
  <testcase name="createContactsTest" time="33.456" classname="com.qa.hubspot.tests.ContactsPageTest"/>
  <testcase name="createContactsTest" time="35.292" classname="com.qa.hubspot.tests.ContactsPageTest"/>
  <testcase name="createContactsTest" time="31.675" classname="com.qa.hubspot.tests.ContactsPageTest"/>
  <testcase name="createContactsTest" time="32.968" classname="com.qa.hubspot.tests.ContactsPageTest"/>
</testsuite> <!-- com.qa.hubspot.tests.ContactsPageTest -->
